2020-04-28 11:27:51.1127|ERROR|WebApiKaeser.Factory.AuditoriaDataBase|Sql error en Get_list_Auditorias: Error relacionado con la red o específico de la instancia mientras se establecía una conexión con el servidor SQL Server. No se encontró el servidor o éste no estaba accesible. Compruebe que el nombre de la instancia es correcto y que SQL Server está configurado para admitir conexiones remotas. (provider: Named Pipes Provider, error: 40 - No se pudo abrir una conexión con SQL Server)
2020-04-28 12:23:35.9759|ERROR|WebApiKaeser.Factory.BaseDataBase|Sql error en Get_list_Area: Error relacionado con la red o específico de la instancia mientras se establecía una conexión con el servidor SQL Server. No se encontró el servidor o éste no estaba accesible. Compruebe que el nombre de la instancia es correcto y que SQL Server está configurado para admitir conexiones remotas. (provider: Named Pipes Provider, error: 40 - No se pudo abrir una conexión con SQL Server)
2020-04-28 12:25:23.3601|ERROR|WebApiKaeser.Factory.BaseDataBase|Sql error en Get_list_Area: La función o el procedimiento Get_list_AreaV2 tiene demasiados argumentos.
2020-04-28 12:25:53.2346|ERROR|WebApiKaeser.Factory.BaseDataBase|Sql error en Get_list_Area: La función o el procedimiento Get_list_AreaV2 tiene demasiados argumentos.
2020-04-28 14:13:27.8885|ERROR|WebApiKaeser.Factory.AuditoriaDataBase|Sql error en Get_list_ListarAuditoriasPorUsuario: Error relacionado con la red o específico de la instancia mientras se establecía una conexión con el servidor SQL Server. No se encontró el servidor o éste no estaba accesible. Compruebe que el nombre de la instancia es correcto y que SQL Server está configurado para admitir conexiones remotas. (provider: Named Pipes Provider, error: 40 - No se pudo abrir una conexión con SQL Server)
2020-04-28 14:14:47.8806|ERROR|WebApiKaeser.Factory.AuditoriaDataBase|Sql error en Get_list_ListarAuditoriasPorUsuario: Error relacionado con la red o específico de la instancia mientras se establecía una conexión con el servidor SQL Server. No se encontró el servidor o éste no estaba accesible. Compruebe que el nombre de la instancia es correcto y que SQL Server está configurado para admitir conexiones remotas. (provider: Named Pipes Provider, error: 40 - No se pudo abrir una conexión con SQL Server)
2020-04-28 23:04:55.9767|ERROR|WebApiKaeser.Factory.AuditoriaDataBase|Sql error en Get_list_TomaDatosPor_Auditoria: El procedimiento o la función 'Get_list_TomaDatosPor_Auditoria' esperaba el parámetro '@AUD_ID', que no se ha especificado.
2020-04-28 23:05:51.4329|ERROR|WebApiKaeser.Factory.AuditoriaDataBase|Sql error en Get_list_TomaDatosPor_Auditoria: El procedimiento o la función 'Get_list_TomaDatosPor_Auditoria' esperaba el parámetro '@AUD_ID', que no se ha especificado.
2020-04-28 23:06:05.0454|ERROR|WebApiKaeser.Factory.AuditoriaDataBase|Error en Get_list_TomaDatosPor_Auditoria: Los datos tienen valor Null. No se puede llamar a este método o propiedad con valores Null.
2020-04-28 23:09:45.0289|ERROR|WebApiKaeser.Factory.AuditoriaDataBase|Error en Get_list_TomaDatosPor_Auditoria: Los datos tienen valor Null. No se puede llamar a este método o propiedad con valores Null.
2020-04-28 23:10:22.7133|ERROR|WebApiKaeser.Factory.AuditoriaDataBase|Error en Get_list_TomaDatosPor_Auditoria: Los datos tienen valor Null. No se puede llamar a este método o propiedad con valores Null.
2020-04-28 23:11:26.7803|ERROR|WebApiKaeser.Factory.AuditoriaDataBase|Error en Get_list_TomaDatosPor_Auditoria: Los datos tienen valor Null. No se puede llamar a este método o propiedad con valores Null.
2020-04-28 23:25:47.0237|ERROR|WebApiKaeser.Factory.AuditoriaDataBase|Error en Get_list_TomaDatosPor_Auditoria: Los datos tienen valor Null. No se puede llamar a este método o propiedad con valores Null.
2020-04-28 23:26:57.6203|ERROR|WebApiKaeser.Factory.AuditoriaDataBase|Error en Get_list_TomaDatosPor_Auditoria: Los datos tienen valor Null. No se puede llamar a este método o propiedad con valores Null.
2020-04-28 23:27:05.1767|ERROR|WebApiKaeser.Factory.AuditoriaDataBase|Error en Get_list_TomaDatosPor_Auditoria: Los datos tienen valor Null. No se puede llamar a este método o propiedad con valores Null.
2020-04-28 23:27:13.5043|ERROR|WebApiKaeser.Factory.AuditoriaDataBase|Error en Get_list_TomaDatosPor_Auditoria: Los datos tienen valor Null. No se puede llamar a este método o propiedad con valores Null.
2020-04-28 23:27:38.6822|ERROR|WebApiKaeser.Factory.AuditoriaDataBase|Error en Get_list_TomaDatosPor_Auditoria: Los datos tienen valor Null. No se puede llamar a este método o propiedad con valores Null.
2020-04-28 23:32:07.8273|ERROR|WebApiKaeser.Factory.AuditoriaDataBase|Error en Get_list_TomaDatosPor_Auditoria: Los datos tienen valor Null. No se puede llamar a este método o propiedad con valores Null.
2020-04-28 23:39:02.2220|ERROR|WebApiKaeser.Factory.AuditoriaDataBase|Error en Get_list_TomaDatosPor_Auditoria: Los datos tienen valor Null. No se puede llamar a este método o propiedad con valores Null.
2020-04-28 23:41:32.4660|ERROR|WebApiKaeser.Factory.AuditoriaDataBase|Sql error en Get_list_TomaDatosPor_Auditoria: Se agotó el tiempo de espera de ejecución. El período de tiempo de espera transcurrió antes de la finalización de la operación o el servidor no responde.
2020-04-28 23:45:14.6176|ERROR|WebApiKaeser.Factory.AuditoriaDataBase|Error en Get_list_TomaDatosPor_Auditoria: Los datos tienen valor Null. No se puede llamar a este método o propiedad con valores Null.
2020-04-28 23:48:48.7011|ERROR|WebApiKaeser.Factory.AuditoriaDataBase|Sql error en Get_list_TomaDatosPor_Auditoria: Se agotó el tiempo de espera de ejecución. El período de tiempo de espera transcurrió antes de la finalización de la operación o el servidor no responde.
2020-04-28 23:49:46.8180|ERROR|WebApiKaeser.Factory.AuditoriaDataBase|Sql error en Get_list_TomaDatosPor_Auditoria: Se agotó el tiempo de espera de ejecución. El período de tiempo de espera transcurrió antes de la finalización de la operación o el servidor no responde.
